INFO:root:Application Started
INFO:tornado.access:200 POST /env/fasterrcnn-caffe (::1) 1.24ms
INFO:tornado.access:200 POST /events (::1) 1.00ms
INFO:tornado.access:200 POST /events (::1) 0.59ms
INFO:tornado.access:200 POST /events (::1) 0.58ms
INFO:tornado.access:200 POST /events (::1) 0.56ms
INFO:tornado.access:200 POST /events (::1) 0.49ms
INFO:tornado.access:200 POST /events (::1) 0.42ms
INFO:tornado.access:200 POST /events (::1) 5.74ms
INFO:tornado.access:200 POST /env/fasterrcnn-caffe (::1) 0.76ms
INFO:tornado.access:200 POST /events (::1) 0.86ms
INFO:tornado.access:200 POST /events (::1) 0.68ms
INFO:tornado.access:200 POST /events (::1) 0.54ms
INFO:tornado.access:200 POST /events (::1) 0.63ms
INFO:tornado.access:200 POST /events (::1) 0.62ms
INFO:tornado.access:200 POST /events (::1) 0.66ms
INFO:tornado.access:200 POST /events (::1) 4.33ms
INFO:tornado.access:200 POST /env/fasterrcnn-caffe (::1) 0.79ms
INFO:tornado.access:200 POST /events (::1) 0.88ms
INFO:tornado.access:200 POST /events (::1) 0.45ms
INFO:tornado.access:200 POST /events (::1) 0.31ms
INFO:tornado.access:200 POST /events (::1) 0.31ms
INFO:tornado.access:200 POST /events (::1) 0.31ms
INFO:tornado.access:200 POST /events (::1) 0.44ms
INFO:tornado.access:200 POST /events (::1) 2.63ms
INFO:tornado.access:200 POST /events (::1) 3.69ms
INFO:tornado.access:200 POST /events (::1) 0.43ms
INFO:tornado.access:200 POST /events (::1) 0.44ms
INFO:tornado.access:200 POST /win_exists (::1) 0.78ms
INFO:tornado.access:200 POST /update (::1) 0.73ms
INFO:tornado.access:200 POST /win_exists (::1) 0.55ms
INFO:tornado.access:200 POST /update (::1) 0.58ms
INFO:tornado.access:200 POST /win_exists (::1) 0.50ms
INFO:tornado.access:200 POST /update (::1) 0.59ms
INFO:tornado.access:200 POST /win_exists (::1) 0.52ms
INFO:tornado.access:200 POST /update (::1) 0.55ms
INFO:tornado.access:200 POST /win_exists (::1) 0.25ms
INFO:tornado.access:200 POST /update (::1) 0.29ms
INFO:tornado.access:200 POST /events (::1) 2.65ms
INFO:tornado.access:200 POST /events (::1) 3.76ms
INFO:tornado.access:200 POST /events (::1) 0.67ms
INFO:tornado.access:200 POST /events (::1) 0.69ms
INFO:tornado.access:200 POST /win_exists (::1) 0.46ms
INFO:tornado.access:200 POST /update (::1) 0.52ms
INFO:tornado.access:200 POST /win_exists (::1) 0.46ms
INFO:tornado.access:200 POST /update (::1) 0.53ms
INFO:tornado.access:200 POST /win_exists (::1) 0.46ms
INFO:tornado.access:200 POST /update (::1) 0.51ms
INFO:tornado.access:200 POST /win_exists (::1) 0.46ms
INFO:tornado.access:200 POST /update (::1) 0.51ms
INFO:tornado.access:200 POST /win_exists (::1) 0.25ms
INFO:tornado.access:200 POST /update (::1) 0.27ms
INFO:tornado.access:200 POST /events (::1) 2.40ms
INFO:tornado.access:200 POST /events (::1) 2.44ms
INFO:tornado.access:200 POST /events (::1) 0.49ms
INFO:tornado.access:200 POST /events (::1) 0.32ms
INFO:tornado.access:200 POST /win_exists (::1) 0.37ms
INFO:tornado.access:200 POST /update (::1) 0.30ms
INFO:tornado.access:200 POST /win_exists (::1) 0.25ms
INFO:tornado.access:200 POST /update (::1) 0.28ms
INFO:tornado.access:200 POST /win_exists (::1) 0.67ms
INFO:tornado.access:200 POST /update (::1) 0.75ms
INFO:tornado.access:200 POST /win_exists (::1) 0.64ms
INFO:tornado.access:200 POST /update (::1) 0.73ms
INFO:tornado.access:200 POST /win_exists (::1) 0.64ms
INFO:tornado.access:200 POST /update (::1) 0.72ms
INFO:tornado.access:200 POST /events (::1) 4.09ms
INFO:tornado.access:200 POST /events (::1) 4.10ms
INFO:tornado.access:200 POST /events (::1) 0.72ms
INFO:tornado.access:200 POST /events (::1) 0.76ms
INFO:tornado.access:200 POST /win_exists (::1) 0.61ms
INFO:tornado.access:200 POST /update (::1) 0.57ms
INFO:tornado.access:200 POST /win_exists (::1) 0.49ms
INFO:tornado.access:200 POST /update (::1) 0.51ms
INFO:tornado.access:200 POST /win_exists (::1) 0.48ms
INFO:tornado.access:200 POST /update (::1) 0.51ms
INFO:tornado.access:200 POST /win_exists (::1) 0.46ms
INFO:tornado.access:200 POST /update (::1) 0.51ms
INFO:tornado.access:200 POST /win_exists (::1) 0.45ms
INFO:tornado.access:200 POST /update (::1) 0.29ms
INFO:tornado.access:200 POST /events (::1) 3.77ms
INFO:tornado.access:200 POST /events (::1) 4.67ms
INFO:tornado.access:200 POST /events (::1) 0.72ms
INFO:tornado.access:200 POST /events (::1) 0.75ms
INFO:tornado.access:200 POST /win_exists (::1) 0.67ms
INFO:tornado.access:200 POST /update (::1) 0.60ms
INFO:tornado.access:200 POST /win_exists (::1) 0.55ms
INFO:tornado.access:200 POST /update (::1) 0.61ms
INFO:tornado.access:200 POST /win_exists (::1) 0.54ms
INFO:tornado.access:200 POST /update (::1) 0.61ms
INFO:tornado.access:200 POST /win_exists (::1) 0.52ms
INFO:tornado.access:200 POST /update (::1) 0.61ms
INFO:tornado.access:200 POST /win_exists (::1) 0.25ms
INFO:tornado.access:200 POST /update (::1) 0.29ms
INFO:tornado.access:200 POST /events (::1) 3.81ms
INFO:tornado.access:200 POST /events (::1) 5.10ms
INFO:tornado.access:200 POST /events (::1) 0.37ms
INFO:tornado.access:200 POST /events (::1) 0.37ms
INFO:tornado.access:200 POST /win_exists (::1) 0.51ms
INFO:tornado.access:200 POST /update (::1) 0.59ms
INFO:tornado.access:200 POST /win_exists (::1) 0.51ms
INFO:tornado.access:200 POST /update (::1) 0.58ms
INFO:tornado.access:200 POST /win_exists (::1) 0.53ms
INFO:tornado.access:200 POST /update (::1) 0.57ms
INFO:tornado.access:200 POST /win_exists (::1) 0.51ms
INFO:tornado.access:200 POST /update (::1) 0.27ms
INFO:tornado.access:200 POST /win_exists (::1) 0.23ms
INFO:tornado.access:200 POST /update (::1) 0.38ms
INFO:tornado.access:200 POST /events (::1) 2.15ms
INFO:tornado.access:200 POST /events (::1) 2.62ms
INFO:tornado.access:200 POST /events (::1) 0.46ms
INFO:tornado.access:200 POST /events (::1) 0.56ms
INFO:tornado.access:200 POST /win_exists (::1) 0.77ms
INFO:tornado.access:200 POST /update (::1) 0.73ms
INFO:tornado.access:200 POST /win_exists (::1) 0.67ms
INFO:tornado.access:200 POST /update (::1) 0.72ms
INFO:tornado.access:200 POST /win_exists (::1) 0.72ms
INFO:tornado.access:200 POST /update (::1) 0.72ms
INFO:tornado.access:200 POST /win_exists (::1) 0.65ms
INFO:tornado.access:200 POST /update (::1) 0.72ms
INFO:tornado.access:200 POST /win_exists (::1) 0.30ms
INFO:tornado.access:200 POST /update (::1) 0.34ms
INFO:tornado.access:200 POST /events (::1) 1.61ms
INFO:tornado.access:200 POST /events (::1) 1.43ms
INFO:tornado.access:200 POST /events (::1) 0.27ms
INFO:tornado.access:200 POST /events (::1) 0.26ms
INFO:tornado.access:200 POST /win_exists (::1) 0.68ms
INFO:tornado.access:200 POST /update (::1) 0.69ms
INFO:tornado.access:200 POST /win_exists (::1) 0.70ms
INFO:tornado.access:200 POST /update (::1) 0.85ms
INFO:tornado.access:200 POST /win_exists (::1) 0.73ms
INFO:tornado.access:200 POST /update (::1) 0.73ms
INFO:tornado.access:200 POST /win_exists (::1) 0.26ms
INFO:tornado.access:200 POST /update (::1) 0.28ms
INFO:tornado.access:200 POST /win_exists (::1) 0.25ms
INFO:tornado.access:200 POST /update (::1) 0.28ms
INFO:tornado.access:200 POST /events (::1) 1.45ms
INFO:tornado.access:200 POST /events (::1) 3.98ms
INFO:tornado.access:200 POST /events (::1) 0.72ms
INFO:tornado.access:200 POST /events (::1) 0.75ms
INFO:tornado.access:200 POST /win_exists (::1) 0.54ms
INFO:tornado.access:200 POST /update (::1) 0.47ms
INFO:tornado.access:200 POST /win_exists (::1) 0.34ms
INFO:tornado.access:200 POST /update (::1) 0.51ms
INFO:tornado.access:200 POST /win_exists (::1) 0.33ms
INFO:tornado.access:200 POST /update (::1) 0.48ms
INFO:tornado.access:200 POST /win_exists (::1) 0.33ms
INFO:tornado.access:200 POST /update (::1) 0.37ms
INFO:tornado.access:200 POST /win_exists (::1) 0.48ms
INFO:tornado.access:200 POST /update (::1) 0.36ms
INFO:tornado.access:200 POST /events (::1) 3.78ms
INFO:tornado.access:200 POST /events (::1) 3.18ms
INFO:tornado.access:200 POST /events (::1) 0.28ms
INFO:tornado.access:200 POST /events (::1) 0.27ms
INFO:tornado.access:200 POST /win_exists (::1) 0.53ms
INFO:tornado.access:200 POST /update (::1) 0.59ms
INFO:tornado.access:200 POST /win_exists (::1) 0.51ms
INFO:tornado.access:200 POST /update (::1) 0.59ms
INFO:tornado.access:200 POST /win_exists (::1) 0.51ms
INFO:tornado.access:200 POST /update (::1) 0.58ms
INFO:tornado.access:200 POST /win_exists (::1) 0.51ms
INFO:tornado.access:200 POST /update (::1) 0.28ms
INFO:tornado.access:200 POST /win_exists (::1) 0.28ms
INFO:tornado.access:200 POST /update (::1) 0.27ms
INFO:tornado.access:200 POST /events (::1) 3.42ms
INFO:tornado.access:200 POST /events (::1) 3.71ms
INFO:tornado.access:200 POST /events (::1) 0.74ms
INFO:tornado.access:200 POST /events (::1) 0.75ms
INFO:tornado.access:200 POST /win_exists (::1) 0.59ms
INFO:tornado.access:200 POST /update (::1) 0.62ms
INFO:tornado.access:200 POST /win_exists (::1) 0.55ms
INFO:tornado.access:200 POST /update (::1) 0.60ms
INFO:tornado.access:200 POST /win_exists (::1) 0.53ms
INFO:tornado.access:200 POST /update (::1) 0.66ms
INFO:tornado.access:200 POST /win_exists (::1) 0.28ms
INFO:tornado.access:200 POST /update (::1) 0.31ms
INFO:tornado.access:200 POST /win_exists (::1) 0.29ms
INFO:tornado.access:200 POST /update (::1) 0.32ms
INFO:tornado.access:200 POST /events (::1) 2.48ms
INFO:tornado.access:200 POST /events (::1) 3.81ms
INFO:tornado.access:200 POST /events (::1) 0.71ms
INFO:tornado.access:200 POST /events (::1) 0.75ms
INFO:tornado.access:200 POST /win_exists (::1) 0.63ms
INFO:tornado.access:200 POST /update (::1) 0.61ms
INFO:tornado.access:200 POST /win_exists (::1) 0.54ms
INFO:tornado.access:200 POST /update (::1) 0.59ms
INFO:tornado.access:200 POST /win_exists (::1) 0.52ms
INFO:tornado.access:200 POST /update (::1) 0.61ms
INFO:tornado.access:200 POST /win_exists (::1) 0.52ms
INFO:tornado.access:200 POST /update (::1) 0.28ms
INFO:tornado.access:200 POST /win_exists (::1) 0.25ms
INFO:tornado.access:200 POST /update (::1) 0.28ms
INFO:tornado.access:200 POST /events (::1) 2.86ms
INFO:tornado.access:200 POST /events (::1) 1.66ms
INFO:tornado.access:200 POST /events (::1) 0.28ms
INFO:tornado.access:200 POST /events (::1) 0.35ms
INFO:tornado.access:200 POST /win_exists (::1) 0.65ms
INFO:tornado.access:200 POST /update (::1) 0.60ms
INFO:tornado.access:200 POST /win_exists (::1) 0.26ms
INFO:tornado.access:200 POST /update (::1) 0.34ms
INFO:tornado.access:200 POST /win_exists (::1) 0.38ms
INFO:tornado.access:200 POST /update (::1) 0.35ms
INFO:tornado.access:200 POST /win_exists (::1) 0.31ms
INFO:tornado.access:200 POST /update (::1) 0.39ms
INFO:tornado.access:200 POST /win_exists (::1) 0.30ms
INFO:tornado.access:200 POST /update (::1) 0.34ms
INFO:tornado.access:200 POST /events (::1) 4.39ms
INFO:tornado.access:200 POST /events (::1) 4.69ms
INFO:tornado.access:200 POST /events (::1) 0.73ms
INFO:tornado.access:200 POST /events (::1) 0.73ms
INFO:tornado.access:200 POST /win_exists (::1) 0.37ms
INFO:tornado.access:200 POST /update (::1) 0.48ms
INFO:tornado.access:200 POST /win_exists (::1) 0.42ms
INFO:tornado.access:200 POST /update (::1) 0.44ms
INFO:tornado.access:200 POST /win_exists (::1) 0.39ms
INFO:tornado.access:200 POST /update (::1) 0.48ms
INFO:tornado.access:200 POST /win_exists (::1) 0.39ms
INFO:tornado.access:200 POST /update (::1) 0.45ms
INFO:tornado.access:200 POST /win_exists (::1) 0.38ms
INFO:tornado.access:200 POST /update (::1) 0.43ms
INFO:tornado.access:200 POST /events (::1) 6.62ms
INFO:tornado.access:200 POST /events (::1) 6.45ms
INFO:tornado.access:200 POST /events (::1) 0.73ms
INFO:tornado.access:200 POST /events (::1) 0.76ms
INFO:tornado.access:200 POST /win_exists (::1) 0.79ms
INFO:tornado.access:200 POST /update (::1) 0.77ms
INFO:tornado.access:200 POST /win_exists (::1) 0.67ms
INFO:tornado.access:200 POST /update (::1) 0.39ms
INFO:tornado.access:200 POST /win_exists (::1) 0.46ms
INFO:tornado.access:200 POST /update (::1) 0.56ms
INFO:tornado.access:200 POST /win_exists (::1) 0.34ms
INFO:tornado.access:200 POST /update (::1) 0.32ms
INFO:tornado.access:200 POST /win_exists (::1) 0.28ms
INFO:tornado.access:200 POST /update (::1) 0.29ms
INFO:tornado.access:200 POST /events (::1) 1.58ms
INFO:tornado.access:200 POST /events (::1) 1.58ms
INFO:tornado.access:200 POST /events (::1) 0.28ms
INFO:tornado.access:200 POST /events (::1) 0.27ms
INFO:tornado.access:200 POST /win_exists (::1) 0.80ms
INFO:tornado.access:200 POST /update (::1) 0.74ms
INFO:tornado.access:200 POST /win_exists (::1) 0.66ms
INFO:tornado.access:200 POST /update (::1) 0.72ms
INFO:tornado.access:200 POST /win_exists (::1) 0.64ms
INFO:tornado.access:200 POST /update (::1) 0.73ms
INFO:tornado.access:200 POST /win_exists (::1) 0.23ms
INFO:tornado.access:200 POST /update (::1) 0.28ms
INFO:tornado.access:200 POST /win_exists (::1) 0.25ms
INFO:tornado.access:200 POST /update (::1) 0.28ms
INFO:tornado.access:200 POST /events (::1) 4.90ms
INFO:tornado.access:200 POST /events (::1) 5.27ms
INFO:tornado.access:200 POST /events (::1) 0.73ms
INFO:tornado.access:200 POST /events (::1) 0.75ms
INFO:tornado.access:200 POST /win_exists (::1) 0.74ms
INFO:tornado.access:200 POST /update (::1) 0.68ms
INFO:tornado.access:200 POST /win_exists (::1) 0.60ms
INFO:tornado.access:200 POST /update (::1) 0.67ms
INFO:tornado.access:200 POST /win_exists (::1) 0.32ms
INFO:tornado.access:200 POST /update (::1) 0.36ms
INFO:tornado.access:200 POST /win_exists (::1) 0.32ms
INFO:tornado.access:200 POST /update (::1) 0.35ms
INFO:tornado.access:200 POST /win_exists (::1) 0.32ms
INFO:tornado.access:200 POST /update (::1) 0.54ms
INFO:tornado.access:200 POST /events (::1) 2.70ms
INFO:tornado.access:200 POST /events (::1) 2.80ms
INFO:tornado.access:200 POST /events (::1) 0.41ms
INFO:tornado.access:200 POST /events (::1) 0.39ms
INFO:tornado.access:200 POST /win_exists (::1) 0.71ms
INFO:tornado.access:200 POST /update (::1) 0.69ms
INFO:tornado.access:200 POST /win_exists (::1) 0.62ms
INFO:tornado.access:200 POST /update (::1) 0.70ms
INFO:tornado.access:200 POST /win_exists (::1) 0.63ms
INFO:tornado.access:200 POST /update (::1) 0.69ms
INFO:tornado.access:200 POST /win_exists (::1) 0.60ms
INFO:tornado.access:200 POST /update (::1) 0.28ms
INFO:tornado.access:200 POST /win_exists (::1) 0.26ms
INFO:tornado.access:200 POST /update (::1) 0.31ms
INFO:tornado.access:200 POST /events (::1) 1.75ms
INFO:tornado.access:200 POST /events (::1) 1.70ms
INFO:tornado.access:200 POST /events (::1) 0.40ms
INFO:tornado.access:200 POST /events (::1) 0.40ms
INFO:tornado.access:200 POST /win_exists (::1) 0.69ms
INFO:tornado.access:200 POST /update (::1) 0.70ms
INFO:tornado.access:200 POST /win_exists (::1) 0.57ms
INFO:tornado.access:200 POST /update (::1) 0.68ms
INFO:tornado.access:200 POST /win_exists (::1) 0.59ms
INFO:tornado.access:200 POST /update (::1) 0.67ms
INFO:tornado.access:200 POST /win_exists (::1) 0.59ms
INFO:tornado.access:200 POST /update (::1) 0.30ms
INFO:tornado.access:200 POST /win_exists (::1) 0.37ms
INFO:tornado.access:200 POST /update (::1) 0.42ms
INFO:tornado.access:200 POST /events (::1) 2.82ms
INFO:tornado.access:200 POST /events (::1) 1.93ms
INFO:tornado.access:200 POST /events (::1) 0.37ms
INFO:tornado.access:200 POST /events (::1) 0.37ms
INFO:tornado.access:200 POST /win_exists (::1) 0.80ms
INFO:tornado.access:200 POST /update (::1) 0.74ms
INFO:tornado.access:200 POST /win_exists (::1) 0.69ms
INFO:tornado.access:200 POST /update (::1) 0.73ms
INFO:tornado.access:200 POST /win_exists (::1) 0.64ms
INFO:tornado.access:200 POST /update (::1) 0.72ms
INFO:tornado.access:200 POST /win_exists (::1) 0.27ms
INFO:tornado.access:200 POST /update (::1) 0.30ms
INFO:tornado.access:200 POST /win_exists (::1) 0.30ms
INFO:tornado.access:200 POST /update (::1) 0.32ms
INFO:tornado.access:200 POST /events (::1) 2.33ms
INFO:tornado.access:200 POST /events (::1) 1.83ms
INFO:tornado.access:200 POST /events (::1) 0.38ms
INFO:tornado.access:200 POST /events (::1) 0.38ms
INFO:tornado.access:200 POST /win_exists (::1) 0.80ms
INFO:tornado.access:200 POST /update (::1) 0.74ms
INFO:tornado.access:200 POST /win_exists (::1) 0.68ms
INFO:tornado.access:200 POST /update (::1) 0.73ms
INFO:tornado.access:200 POST /win_exists (::1) 0.29ms
INFO:tornado.access:200 POST /update (::1) 0.33ms
INFO:tornado.access:200 POST /win_exists (::1) 0.29ms
INFO:tornado.access:200 POST /update (::1) 0.32ms
INFO:tornado.access:200 POST /win_exists (::1) 0.29ms
INFO:tornado.access:200 POST /update (::1) 0.32ms
INFO:tornado.access:200 POST /events (::1) 2.22ms
INFO:tornado.access:200 POST /events (::1) 3.56ms
INFO:tornado.access:200 POST /events (::1) 0.72ms
INFO:tornado.access:200 POST /events (::1) 0.36ms
INFO:tornado.access:200 POST /win_exists (::1) 0.56ms
INFO:tornado.access:200 POST /update (::1) 0.57ms
INFO:tornado.access:200 POST /win_exists (::1) 0.51ms
INFO:tornado.access:200 POST /update (::1) 0.58ms
INFO:tornado.access:200 POST /win_exists (::1) 0.51ms
INFO:tornado.access:200 POST /update (::1) 0.61ms
INFO:tornado.access:200 POST /win_exists (::1) 0.54ms
INFO:tornado.access:200 POST /update (::1) 0.37ms
INFO:tornado.access:200 POST /win_exists (::1) 0.38ms
INFO:tornado.access:200 POST /update (::1) 0.34ms
INFO:tornado.access:200 POST /events (::1) 4.93ms
INFO:tornado.access:200 POST /events (::1) 5.39ms
INFO:tornado.access:200 POST /events (::1) 0.52ms
INFO:tornado.access:200 POST /events (::1) 0.52ms
